[0m10:02:00.434450 [debug] [MainThread]: Sending event: {'category': 'dbt', 'action': 'invocation', 'label': 'start', 'context': [<snowplow_tracker.self_describing_json.SelfDescribingJson object at 0x0000022ED38BB160>, <snowplow_tracker.self_describing_json.SelfDescribingJson object at 0x0000022ED65741C0>, <snowplow_tracker.self_describing_json.SelfDescribingJson object at 0x0000022ED6576470>]}


============================== 10:02:00.434450 | 700d7c69-d4d7-4e2d-af60-f9398f261721 ==============================
[0m10:02:00.434450 [info ] [MainThread]: Running with dbt=1.7.19
[0m10:02:00.434450 [debug] [MainThread]: running dbt with arguments {'printer_width': '80', 'indirect_selection': 'eager', 'log_cache_events': 'False', 'write_json': 'True', 'partial_parse': 'True', 'cache_selected_only': 'False', 'warn_error': 'None', 'fail_fast': 'False', 'profiles_dir': 'C:\\Users\\Bubi\\.dbt', 'log_path': 'logs', 'version_check': 'True', 'debug': 'False', 'use_colors': 'True', 'use_experimental_parser': 'False', 'no_print': 'None', 'quiet': 'False', 'warn_error_options': 'WarnErrorOptions(include=[], exclude=[])', 'invocation_command': 'dbt run', 'introspect': 'True', 'static_parser': 'True', 'target_path': 'None', 'log_format': 'default', 'send_anonymous_usage_stats': 'True'}
[0m10:02:00.446417 [error] [MainThread]: Encountered an error:
Runtime Error
  No dbt_project.yml found at expected path D:\DBT\airbnb-dbt-pipeline\dbt_project.yml
  Verify that each entry within packages.yml (and their transitive dependencies) contains a file named dbt_project.yml
  
[0m10:02:00.447618 [debug] [MainThread]: Command `dbt run` failed at 10:02:00.447618 after 0.09 seconds
[0m10:02:00.448619 [debug] [MainThread]: Sending event: {'category': 'dbt', 'action': 'invocation', 'label': 'end', 'context': [<snowplow_tracker.self_describing_json.SelfDescribingJson object at 0x0000022ED38BB160>, <snowplow_tracker.self_describing_json.SelfDescribingJson object at 0x0000022ED6576470>, <snowplow_tracker.self_describing_json.SelfDescribingJson object at 0x0000022ED6574BE0>]}
[0m10:02:00.448619 [debug] [MainThread]: Flushing usage events
[0m10:36:51.898896 [debug] [MainThread]: Sending event: {'category': 'dbt', 'action': 'invocation', 'label': 'start', 'context': [<snowplow_tracker.self_describing_json.SelfDescribingJson object at 0x0000020C286CB1F0>, <snowplow_tracker.self_describing_json.SelfDescribingJson object at 0x0000020C2B3855A0>, <snowplow_tracker.self_describing_json.SelfDescribingJson object at 0x0000020C2B386830>]}


============================== 10:36:51.898896 | 32d345f2-6e68-4d1a-967a-c2c8ce0de2db ==============================
[0m10:36:51.898896 [info ] [MainThread]: Running with dbt=1.7.19
[0m10:36:51.898896 [debug] [MainThread]: running dbt with arguments {'printer_width': '80', 'indirect_selection': 'eager', 'log_cache_events': 'False', 'write_json': 'True', 'partial_parse': 'True', 'cache_selected_only': 'False', 'profiles_dir': 'C:\\Users\\Bubi\\.dbt', 'debug': 'False', 'fail_fast': 'False', 'log_path': 'logs', 'version_check': 'True', 'warn_error': 'None', 'use_colors': 'True', 'use_experimental_parser': 'False', 'no_print': 'None', 'quiet': 'False', 'warn_error_options': 'WarnErrorOptions(include=[], exclude=[])', 'introspect': 'True', 'static_parser': 'True', 'log_format': 'default', 'target_path': 'None', 'invocation_command': 'dbt run', 'send_anonymous_usage_stats': 'True'}
[0m10:36:51.898896 [error] [MainThread]: Encountered an error:
Runtime Error
  No dbt_project.yml found at expected path D:\DBT\airbnb-dbt-pipeline\dbt_project.yml
  Verify that each entry within packages.yml (and their transitive dependencies) contains a file named dbt_project.yml
  
[0m10:36:51.908354 [debug] [MainThread]: Command `dbt run` failed at 10:36:51.908354 after 0.09 seconds
[0m10:36:51.908354 [debug] [MainThread]: Sending event: {'category': 'dbt', 'action': 'invocation', 'label': 'end', 'context': [<snowplow_tracker.self_describing_json.SelfDescribingJson object at 0x0000020C286CB1F0>, <snowplow_tracker.self_describing_json.SelfDescribingJson object at 0x0000020C2B386830>, <snowplow_tracker.self_describing_json.SelfDescribingJson object at 0x0000020C2B384B20>]}
[0m10:36:51.908354 [debug] [MainThread]: Flushing usage events
